<?xml version="1.0" encoding="UTF-8"?>
<!-- Generated by org.testng.reporters.JUnitReportReporter -->
<testsuite hostname="MNCTVN05589" name="test.Test_LiveTv" tests="4" failures="0" timestamp="16 Jun 2020 15:01:33 GMT" time="106.528" errors="0">
  <testcase name="livetv_validateTabChatINEWS" time="22.761" classname="test.Test_LiveTv"/>
  <testcase name="livetv_validateTabChatRCTI" time="26.340" classname="test.Test_LiveTv"/>
  <testcase name="livetv_validateTabChatGTV" time="36.129" classname="test.Test_LiveTv"/>
  <testcase name="livetv_validateTabChatMNCTV" time="21.298" classname="test.Test_LiveTv"/>
</testsuite> <!-- test.Test_LiveTv -->
