<?xml version="1.0" encoding="UTF-8"?>
<!-- Generated by org.testng.reporters.JUnitReportReporter -->
<testsuite hostname="MNCTVN05589" name="test.Test_Register" tests="5" failures="0" timestamp="9 Jun 2020 15:07:34 GMT" time="64.599" errors="0">
  <testcase name="register_validateGender" time="14.453" classname="test.Test_Register"/>
  <testcase name="register_invalidPasswordNumChar" time="12.751" classname="test.Test_Register"/>
  <testcase name="register_invalidPasswordNotMatch" time="12.530" classname="test.Test_Register"/>
  <testcase name="register_maxCharFullname" time="12.530" classname="test.Test_Register"/>
  <testcase name="register_invalidEmail" time="12.335" classname="test.Test_Register"/>
</testsuite> <!-- test.Test_Register -->
