<?xml version="1.0" encoding="UTF-8"?>
<!-- Generated by org.testng.reporters.JUnitReportReporter -->
<testsuite hostname="MNCTVN05589" name="test.Test_Radio" tests="1" failures="0" timestamp="14 Jun 2020 14:34:39 GMT" time="33.347" errors="0">
  <testcase name="validateUrlRadio" time="33.347" classname="test.Test_Radio"/>
</testsuite> <!-- test.Test_Radio -->
