<?xml version="1.0" encoding="UTF-8"?>
<!-- Generated by org.testng.reporters.JUnitReportReporter -->
<testsuite hostname="MNCTVN05589" name="test.Test_EditProfile" tests="1" failures="0" timestamp="11 Jun 2020 10:31:42 GMT" time="37.793" errors="0">
  <testcase name="editprofile_Fullname" time="37.793" classname="test.Test_EditProfile"/>
</testsuite> <!-- test.Test_EditProfile -->
