<?xml version="1.0" encoding="UTF-8"?>
<!-- Generated by org.testng.reporters.JUnitReportReporter -->
<testsuite hostname="MNCTVN05589" name="test.Test_ForgetPassword" tests="4" failures="0" timestamp="6 Jun 2020 13:30:38 GMT" time="81.099" errors="0">
  <testcase name="forgetpassword_phoneNotRegistered" time="21.157" classname="test.Test_ForgetPassword"/>
  <testcase name="forgetpassword_emailNotRegistered" time="19.737" classname="test.Test_ForgetPassword"/>
  <testcase name="forgetpassword_invalidPhone" time="20.213" classname="test.Test_ForgetPassword"/>
  <testcase name="forgetpassword_invalidEmail" time="19.992" classname="test.Test_ForgetPassword"/>
</testsuite> <!-- test.Test_ForgetPassword -->
