<?xml version="1.0" encoding="UTF-8"?>
<!-- Generated by org.testng.reporters.JUnitReportReporter -->
<testsuite hostname="MNCTVN05589" name="test.Test_Chat" tests="4" failures="0" timestamp="9 Jun 2020 03:36:16 GMT" time="475.011" errors="0">
  <testcase name="chat_beforeLoginINEWS" time="166.409" classname="test.Test_Chat"/>
  <testcase name="chat_beforeLoginGTV" time="78.252" classname="test.Test_Chat"/>
  <testcase name="chat_beforeLoginRCTI" time="107.925" classname="test.Test_Chat"/>
  <testcase name="chat_beforeLoginMNCTV" time="122.425" classname="test.Test_Chat"/>
</testsuite> <!-- test.Test_Chat -->
