<?xml version="1.0" encoding="UTF-8"?>
<!-- Generated by org.testng.reporters.JUnitReportReporter -->
<testsuite hostname="MNCTVN05589" name="test.Test_Register" tests="5" failures="0" timestamp="2 Jun 2020 06:32:13 GMT" time="98.591" errors="0">
  <testcase name="register_validateGender" time="16.928" classname="test.Test_Register"/>
  <testcase name="register_invalidPasswordNumChar" time="18.888" classname="test.Test_Register"/>
  <testcase name="register_maxCharFullname" time="23.532" classname="test.Test_Register"/>
  <testcase name="register_invalidEmail" time="19.402" classname="test.Test_Register"/>
  <testcase name="register_invalidPasswordNotMatch" time="19.841" classname="test.Test_Register"/>
</testsuite> <!-- test.Test_Register -->
