<?xml version="1.0" encoding="UTF-8"?>
<!-- Generated by org.testng.reporters.JUnitReportReporter -->
<testsuite hostname="MNCTVN05589" name="test.Test_Register" tests="5" failures="0" timestamp="2 Jun 2020 13:58:25 GMT" time="191.367" errors="0">
  <testcase name="register_invalidPasswordNumChar" time="37.376" classname="test.Test_Register"/>
  <testcase name="register_invalidPasswordNotMatch" time="57.685" classname="test.Test_Register"/>
  <testcase name="register_maxCharFullname" time="20.041" classname="test.Test_Register"/>
  <testcase name="register_validateGender" time="26.889" classname="test.Test_Register"/>
  <testcase name="register_invalidEmail" time="49.376" classname="test.Test_Register"/>
</testsuite> <!-- test.Test_Register -->
