<?xml version="1.0" encoding="UTF-8"?>
<!-- Generated by org.testng.reporters.JUnitReportReporter -->
<testsuite hostname="MNCTVN05589" name="test.Test_Mylist" tests="1" failures="0" timestamp="9 Jun 2020 03:36:16 GMT" time="151.965" errors="0">
  <testcase name="mylist_addByAccountLogin" time="151.965" classname="test.Test_Mylist"/>
</testsuite> <!-- test.Test_Mylist -->
