<?xml version="1.0" encoding="UTF-8"?>
<!-- Generated by org.testng.reporters.JUnitReportReporter -->
<testsuite hostname="MNCTVN05589" name="test.Test_ForgetPassword" tests="4" failures="0" timestamp="9 Jun 2020 03:36:16 GMT" time="501.857" errors="0">
  <testcase name="forgetpassword_phoneNotRegistered" time="107.769" classname="test.Test_ForgetPassword"/>
  <testcase name="forgetpassword_emailNotRegistered" time="124.874" classname="test.Test_ForgetPassword"/>
  <testcase name="forgetpassword_invalidPhone" time="176.398" classname="test.Test_ForgetPassword"/>
  <testcase name="forgetpassword_invalidEmail" time="92.816" classname="test.Test_ForgetPassword"/>
</testsuite> <!-- test.Test_ForgetPassword -->
