<?xml version="1.0" encoding="UTF-8"?>
<!-- Generated by org.testng.reporters.JUnitReportReporter -->
<testsuite hostname="MNCTVN05589" name="test.Test_Mylist" tests="1" failures="0" timestamp="4 Jun 2020 07:44:45 GMT" time="66.595" errors="0">
  <testcase name="mylist_addByAccountLogin" time="66.595" classname="test.Test_Mylist"/>
</testsuite> <!-- test.Test_Mylist -->
