<?xml version="1.0" encoding="UTF-8"?>
<!-- Generated by org.testng.reporters.JUnitReportReporter -->
<testsuite hostname="MNCTVN05589" name="test.Test_Chat" tests="4" failures="0" timestamp="5 Jun 2020 16:16:45 GMT" time="194.299" errors="0">
  <testcase name="chat_beforeLoginMNCTV" time="76.508" classname="test.Test_Chat"/>
  <testcase name="chat_beforeLoginINEWS" time="39.095" classname="test.Test_Chat"/>
  <testcase name="chat_beforeLoginRCTI" time="40.347" classname="test.Test_Chat"/>
  <testcase name="chat_beforeLoginGTV" time="38.349" classname="test.Test_Chat"/>
</testsuite> <!-- test.Test_Chat -->
