<?xml version="1.0" encoding="UTF-8"?>
<!-- Generated by org.testng.reporters.JUnitReportReporter -->
<testsuite hostname="MNCTVN05589" name="test.Test_ForgetPassword" tests="4" failures="0" timestamp="9 Jun 2020 15:07:34 GMT" time="81.994" errors="0">
  <testcase name="forgetpassword_invalidPhone" time="20.130" classname="test.Test_ForgetPassword"/>
  <testcase name="forgetpassword_invalidEmail" time="20.265" classname="test.Test_ForgetPassword"/>
  <testcase name="forgetpassword_phoneNotRegistered" time="20.588" classname="test.Test_ForgetPassword"/>
  <testcase name="forgetpassword_emailNotRegistered" time="21.011" classname="test.Test_ForgetPassword"/>
</testsuite> <!-- test.Test_ForgetPassword -->
