<?xml version="1.0" encoding="UTF-8"?>
<!-- Generated by org.testng.reporters.JUnitReportReporter -->
<testsuite hostname="MNCTVN05589" name="test.Test_Register" tests="5" failures="0" timestamp="9 Jun 2020 03:36:16 GMT" time="554.219" errors="0">
  <testcase name="register_maxCharFullname" time="117.886" classname="test.Test_Register"/>
  <testcase name="register_validateGender" time="121.182" classname="test.Test_Register"/>
  <testcase name="register_invalidPasswordNumChar" time="31.748" classname="test.Test_Register"/>
  <testcase name="register_invalidPasswordNotMatch" time="114.714" classname="test.Test_Register"/>
  <testcase name="register_invalidEmail" time="168.689" classname="test.Test_Register"/>
</testsuite> <!-- test.Test_Register -->
