<?xml version="1.0" encoding="UTF-8"?>
<!-- Generated by org.testng.reporters.JUnitReportReporter -->
<testsuite hostname="MNCTVN05589" name="test.Test_Register" tests="5" failures="0" timestamp="9 Jun 2020 14:02:27 GMT" time="297.963" errors="0">
  <testcase name="register_invalidPasswordNumChar" time="66.057" classname="test.Test_Register"/>
  <testcase name="register_validateGender" time="93.540" classname="test.Test_Register"/>
  <testcase name="register_maxCharFullname" time="37.102" classname="test.Test_Register"/>
  <testcase name="register_invalidPasswordNotMatch" time="45.863" classname="test.Test_Register"/>
  <testcase name="register_invalidEmail" time="55.401" classname="test.Test_Register"/>
</testsuite> <!-- test.Test_Register -->
