<?xml version="1.0" encoding="UTF-8"?>
<!-- Generated by org.testng.reporters.JUnitReportReporter -->
<testsuite hostname="MNCTVN05589" name="test.Test_Register" tests="5" failures="0" timestamp="2 Jun 2020 09:53:18 GMT" time="103.274" errors="0">
  <testcase name="register_invalidPasswordNotMatch" time="21.717" classname="test.Test_Register"/>
  <testcase name="register_validateGender" time="18.426" classname="test.Test_Register"/>
  <testcase name="register_invalidPasswordNumChar" time="18.423" classname="test.Test_Register"/>
  <testcase name="register_maxCharFullname" time="19.413" classname="test.Test_Register"/>
  <testcase name="register_invalidEmail" time="25.295" classname="test.Test_Register"/>
</testsuite> <!-- test.Test_Register -->
