<?xml version="1.0" encoding="UTF-8"?>
<!-- Generated by org.testng.reporters.JUnitReportReporter -->
<testsuite hostname="MNCTVN05589" name="test.Test_ForgetPassword" tests="4" failures="0" timestamp="9 Jun 2020 14:02:27 GMT" time="198.382" errors="0">
  <testcase name="forgetpassword_phoneNotRegistered" time="35.238" classname="test.Test_ForgetPassword"/>
  <testcase name="forgetpassword_emailNotRegistered" time="42.485" classname="test.Test_ForgetPassword"/>
  <testcase name="forgetpassword_invalidPhone" time="69.062" classname="test.Test_ForgetPassword"/>
  <testcase name="forgetpassword_invalidEmail" time="51.597" classname="test.Test_ForgetPassword"/>
</testsuite> <!-- test.Test_ForgetPassword -->
